  [1m[36m (67.0ms)[0m  [1mCREATE TABLE "schema_migrations" ("version" varchar NOT NULL) [0m
  [1m[35m (0.0ms)[0m  select sqlite_version(*)
  [1m[36m (40.0ms)[0m  [1mCREATE UNIQUE INDEX "unique_schema_migrations" ON "schema_migrations" ("version")[0m
  [1m[35mActiveRecord::SchemaMigration Load (0.0ms)[0m  SELECT "schema_migrations".* FROM "schema_migrations"
Migrating to CreateKinds (20180830142604)
  [1m[36m (0.0ms)[0m  [1mbegin transaction[0m
  [1m[35m (1.0ms)[0m  CREATE TABLE "kinds" ("id" INTEGER PRIMARY KEY AUTOINCREMENT NOT NULL, "description" varchar, "created_at" datetime NOT NULL, "updated_at" datetime NOT NULL) 
  [1m[36mSQL (9.0ms)[0m  [1mINSERT INTO "schema_migrations" ("version") VALUES (?)[0m  [["version", "20180830142604"]]
  [1m[35m (47.5ms)[0m  commit transaction
Migrating to CreateContacts (20180830142831)
  [1m[36m (0.0ms)[0m  [1mbegin transaction[0m
  [1m[35m (1.0ms)[0m  CREATE TABLE "contacts" ("id" INTEGER PRIMARY KEY AUTOINCREMENT NOT NULL, "name" varchar, "email" varchar, "kind_id" integer, "rmk" text, "created_at" datetime NOT NULL, "updated_at" datetime NOT NULL) 
  [1m[36m (0.0ms)[0m  [1mCREATE  INDEX "index_contacts_on_kind_id" ON "contacts" ("kind_id")[0m
  [1m[35mSQL (0.0ms)[0m  INSERT INTO "schema_migrations" ("version") VALUES (?)  [["version", "20180830142831"]]
  [1m[36m (39.1ms)[0m  [1mcommit transaction[0m
Migrating to CreateAddresses (20180830143124)
  [1m[35m (0.0ms)[0m  begin transaction
  [1m[36m (1.5ms)[0m  [1mCREATE TABLE "addresses" ("id" INTEGER PRIMARY KEY AUTOINCREMENT NOT NULL, "street" varchar, "cidade" varchar, "state" varchar, "contact_id" integer, "created_at" datetime NOT NULL, "updated_at" datetime NOT NULL) [0m
  [1m[35m (0.0ms)[0m  CREATE  INDEX "index_addresses_on_contact_id" ON "addresses" ("contact_id")
  [1m[36mSQL (0.0ms)[0m  [1mINSERT INTO "schema_migrations" ("version") VALUES (?)[0m  [["version", "20180830143124"]]
  [1m[35m (41.0ms)[0m  commit transaction
Migrating to CreatePhones (20180830143207)
  [1m[36m (0.0ms)[0m  [1mbegin transaction[0m
  [1m[35m (2.0ms)[0m  CREATE TABLE "phones" ("id" INTEGER PRIMARY KEY AUTOINCREMENT NOT NULL, "phone" varchar, "contact_id" integer, "created_at" datetime NOT NULL, "updated_at" datetime NOT NULL) 
  [1m[36m (0.0ms)[0m  [1mCREATE  INDEX "index_phones_on_contact_id" ON "phones" ("contact_id")[0m
  [1m[35mSQL (0.0ms)[0m  INSERT INTO "schema_migrations" ("version") VALUES (?)  [["version", "20180830143207"]]
  [1m[36m (37.9ms)[0m  [1mcommit transaction[0m
  [1m[35mActiveRecord::SchemaMigration Load (0.0ms)[0m  SELECT "schema_migrations".* FROM "schema_migrations"
  [1m[36m (0.0ms)[0m  [1m            SELECT sql
            FROM sqlite_master
            WHERE name='index_addresses_on_contact_id' AND type='index'
            UNION ALL
            SELECT sql
            FROM sqlite_temp_master
            WHERE name='index_addresses_on_contact_id' AND type='index'
[0m
  [1m[35m (0.0ms)[0m              SELECT sql
            FROM sqlite_master
            WHERE name='index_contacts_on_kind_id' AND type='index'
            UNION ALL
            SELECT sql
            FROM sqlite_temp_master
            WHERE name='index_contacts_on_kind_id' AND type='index'

  [1m[36m (1.0ms)[0m  [1m            SELECT sql
            FROM sqlite_master
            WHERE name='index_phones_on_contact_id' AND type='index'
            UNION ALL
            SELECT sql
            FROM sqlite_temp_master
            WHERE name='index_phones_on_contact_id' AND type='index'
[0m


Started GET "/" for ::1 at 2018-08-30 12:55:08 -0300
  [1m[36mActiveRecord::SchemaMigration Load (1.0ms)[0m  [1mSELECT "schema_migrations".* FROM "schema_migrations"[0m
Processing by Rails::WelcomeController#index as HTML
  Rendered C:/RailsInstaller/Ruby2.2.0/lib/ruby/gems/2.2.0/gems/railties-4.2.5/lib/rails/templates/rails/welcome/index.html.erb (10.0ms)
Completed 200 OK in 192ms (Views: 161.0ms | ActiveRecord: 0.0ms)


Started GET "/contacts" for ::1 at 2018-08-30 12:56:16 -0300
Processing by ContactsController#index as HTML
  [1m[35mContact Load (0.0ms)[0m  SELECT "contacts".* FROM "contacts"
  Rendered contacts/index.html.erb within layouts/application (3.4ms)
Completed 200 OK in 3150ms (Views: 3099.8ms | ActiveRecord: 0.0ms)


Started GET "/assets/addresses.self-e3b0c44298fc1c149afbf4c8996fb92427ae41e4649b934ca495991b7852b855.css?body=1" for ::1 at 2018-08-30 12:56:31 -0300


Started GET "/assets/contacts.self-e3b0c44298fc1c149afbf4c8996fb92427ae41e4649b934ca495991b7852b855.css?body=1" for ::1 at 2018-08-30 12:56:31 -0300


Started GET "/assets/kinds.self-e3b0c44298fc1c149afbf4c8996fb92427ae41e4649b934ca495991b7852b855.css?body=1" for ::1 at 2018-08-30 12:56:31 -0300


Started GET "/assets/phones.self-e3b0c44298fc1c149afbf4c8996fb92427ae41e4649b934ca495991b7852b855.css?body=1" for ::1 at 2018-08-30 12:56:31 -0300


Started GET "/assets/scaffolds.self-2dee32efb1bc44f914f9a01fa908cada6e74df578f41d73f4c2c22df651d81c9.css?body=1" for ::1 at 2018-08-30 12:56:31 -0300


Started GET "/assets/application.self-e80e8f2318043e8af94dddc2adad5a4f09739a8ebb323b3ab31cd71d45fd9113.css?body=1" for ::1 at 2018-08-30 12:56:31 -0300


Started GET "/assets/jquery.self-bd7ddd393353a8d2480a622e80342adf488fb6006d667e8b42e4c0073393abee.js?body=1" for ::1 at 2018-08-30 12:56:31 -0300


Started GET "/assets/jquery_ujs.self-784a997f6726036b1993eb2217c9cb558e1cbb801c6da88105588c56f13b466a.js?body=1" for ::1 at 2018-08-30 12:56:32 -0300


Started GET "/assets/turbolinks.self-569ee74eaa15c1e2019317ff770b8769b1ec033a0f572a485f64c82ddc8f989e.js?body=1" for ::1 at 2018-08-30 12:56:32 -0300


Started GET "/assets/addresses.self-877aef30ae1b040ab8a3aba4e3e309a11d7f2612f44dde450b5c157aa5f95c05.js?body=1" for ::1 at 2018-08-30 12:56:32 -0300


Started GET "/assets/contacts.self-877aef30ae1b040ab8a3aba4e3e309a11d7f2612f44dde450b5c157aa5f95c05.js?body=1" for ::1 at 2018-08-30 12:56:32 -0300


Started GET "/assets/kinds.self-877aef30ae1b040ab8a3aba4e3e309a11d7f2612f44dde450b5c157aa5f95c05.js?body=1" for ::1 at 2018-08-30 12:56:32 -0300


Started GET "/assets/phones.self-877aef30ae1b040ab8a3aba4e3e309a11d7f2612f44dde450b5c157aa5f95c05.js?body=1" for ::1 at 2018-08-30 12:56:32 -0300


Started GET "/assets/application.self-3b8dabdc891efe46b9a144b400ad69e37d7e5876bdc39dee783419a69d7ca819.js?body=1" for ::1 at 2018-08-30 12:56:32 -0300


Started GET "/kinds" for ::1 at 2018-08-30 12:57:09 -0300
Processing by KindsController#index as HTML
  [1m[36mKind Load (1.0ms)[0m  [1mSELECT "kinds".* FROM "kinds"[0m
  Rendered kinds/index.html.erb within layouts/application (3.0ms)
Completed 200 OK in 178ms (Views: 159.1ms | ActiveRecord: 1.0ms)


Started GET "/kinds/new" for ::1 at 2018-08-30 12:57:11 -0300
Processing by KindsController#new as HTML
  Rendered kinds/_form.html.erb (135.5ms)
  Rendered kinds/new.html.erb within layouts/application (181.7ms)
Completed 200 OK in 321ms (Views: 317.6ms | ActiveRecord: 1.0ms)


Started POST "/kinds" for ::1 at 2018-08-30 12:57:20 -0300
Processing by KindsController#create as HTML
  Parameters: {"utf8"=>"✓", "authenticity_token"=>"4IMWi8qeJ/GntVwx1z0UB+6aWpkO50N8SgwvDuzVCk9zuT3Tetorw/eZMrYArRw6uNF0Uvr1Q1qLCvt1r8Y53A==", "kind"=>{"description"=>"Amigo"}, "commit"=>"Create Kind"}
  [1m[35m (0.0ms)[0m  begin transaction
  [1m[36mSQL (11.0ms)[0m  [1mINSERT INTO "kinds" ("description", "created_at", "updated_at") VALUES (?, ?, ?)[0m  [["description", "Amigo"], ["created_at", "2018-08-30 15:57:20.728697"], ["updated_at", "2018-08-30 15:57:20.728697"]]
  [1m[35m (62.1ms)[0m  commit transaction
Redirected to http://localhost:3000/kinds/1
Completed 302 Found in 86ms (ActiveRecord: 73.1ms)


Started GET "/kinds/1" for ::1 at 2018-08-30 12:57:20 -0300
Processing by KindsController#show as HTML
  Parameters: {"id"=>"1"}
  [1m[36mKind Load (0.0ms)[0m  [1mSELECT  "kinds".* FROM "kinds" WHERE "kinds"."id" = ? LIMIT 1[0m  [["id", 1]]
  Rendered kinds/show.html.erb within layouts/application (1.0ms)
Completed 200 OK in 225ms (Views: 133.8ms | ActiveRecord: 0.0ms)


Started GET "/kinds" for ::1 at 2018-08-30 12:57:23 -0300
Processing by KindsController#index as HTML
  [1m[35mKind Load (0.0ms)[0m  SELECT "kinds".* FROM "kinds"
  Rendered kinds/index.html.erb within layouts/application (5.1ms)
Completed 200 OK in 129ms (Views: 128.5ms | ActiveRecord: 0.0ms)


Started GET "/kinds/new" for ::1 at 2018-08-30 12:57:25 -0300
Processing by KindsController#new as HTML
  Rendered kinds/_form.html.erb (1.0ms)
  Rendered kinds/new.html.erb within layouts/application (29.0ms)
Completed 200 OK in 170ms (Views: 168.6ms | ActiveRecord: 0.0ms)


Started POST "/kinds" for ::1 at 2018-08-30 12:57:33 -0300
Processing by KindsController#create as HTML
  Parameters: {"utf8"=>"✓", "authenticity_token"=>"2rBC7jFqW4HGBquwMgJ41+JAKXOkVz0X8Kak28soaMJJimm2gS5Xs5YqxTflknDqtAsHuFBFPTExoHCgiDtbUQ==", "kind"=>{"description"=>"Comercio"}, "commit"=>"Create Kind"}
  [1m[36m (0.0ms)[0m  [1mbegin transaction[0m
  [1m[35mSQL (9.0ms)[0m  INSERT INTO "kinds" ("description", "created_at", "updated_at") VALUES (?, ?, ?)  [["description", "Comercio"], ["created_at", "2018-08-30 15:57:33.266520"], ["updated_at", "2018-08-30 15:57:33.266520"]]
  [1m[36m (40.0ms)[0m  [1mcommit transaction[0m
Redirected to http://localhost:3000/kinds/2
Completed 302 Found in 54ms (ActiveRecord: 49.0ms)


Started GET "/kinds/2" for ::1 at 2018-08-30 12:57:33 -0300
Processing by KindsController#show as HTML
  Parameters: {"id"=>"2"}
  [1m[35mKind Load (0.0ms)[0m  SELECT  "kinds".* FROM "kinds" WHERE "kinds"."id" = ? LIMIT 1  [["id", 2]]
  Rendered kinds/show.html.erb within layouts/application (1.0ms)
Completed 200 OK in 150ms (Views: 148.4ms | ActiveRecord: 0.0ms)


Started GET "/kinds" for ::1 at 2018-08-30 12:57:39 -0300
Processing by KindsController#index as HTML
  [1m[36mKind Load (0.0ms)[0m  [1mSELECT "kinds".* FROM "kinds"[0m
  Rendered kinds/index.html.erb within layouts/application (2.0ms)
Completed 200 OK in 139ms (Views: 138.4ms | ActiveRecord: 0.0ms)


Started GET "/kinds/new" for ::1 at 2018-08-30 12:57:41 -0300
Processing by KindsController#new as HTML
  Rendered kinds/_form.html.erb (1.0ms)
  Rendered kinds/new.html.erb within layouts/application (29.0ms)
Completed 200 OK in 163ms (Views: 161.7ms | ActiveRecord: 0.0ms)


Started POST "/kinds" for ::1 at 2018-08-30 12:57:46 -0300
Processing by KindsController#create as HTML
  Parameters: {"utf8"=>"✓", "authenticity_token"=>"9FxAayLMYMy3/45U9KD6rjfEB/JGhISmsLs/CqMQsw5nZmszkohs/ufT4NMjMPKTYY8pObKWhIBxvetx4AOAnQ==", "kind"=>{"description"=>"Contato"}, "commit"=>"Create Kind"}
  [1m[35m (0.0ms)[0m  begin transaction
  [1m[36mSQL (11.0ms)[0m  [1mINSERT INTO "kinds" ("description", "created_at", "updated_at") VALUES (?, ?, ?)[0m  [["description", "Contato"], ["created_at", "2018-08-30 15:57:46.033727"], ["updated_at", "2018-08-30 15:57:46.033727"]]
  [1m[35m (52.3ms)[0m  commit transaction
Redirected to http://localhost:3000/kinds/3
Completed 302 Found in 67ms (ActiveRecord: 63.3ms)


Started GET "/kinds/3" for ::1 at 2018-08-30 12:57:46 -0300
Processing by KindsController#show as HTML
  Parameters: {"id"=>"3"}
  [1m[36mKind Load (0.0ms)[0m  [1mSELECT  "kinds".* FROM "kinds" WHERE "kinds"."id" = ? LIMIT 1[0m  [["id", 3]]
  Rendered kinds/show.html.erb within layouts/application (0.0ms)
Completed 200 OK in 139ms (Views: 137.4ms | ActiveRecord: 0.0ms)


Started GET "/kinds" for ::1 at 2018-08-30 12:57:47 -0300
Processing by KindsController#index as HTML
  [1m[35mKind Load (0.0ms)[0m  SELECT "kinds".* FROM "kinds"
  Rendered kinds/index.html.erb within layouts/application (2.0ms)
Completed 200 OK in 132ms (Views: 132.2ms | ActiveRecord: 0.0ms)


Started GET "/contacts" for ::1 at 2018-08-30 12:58:13 -0300
Processing by ContactsController#index as HTML
  [1m[36mContact Load (0.0ms)[0m  [1mSELECT "contacts".* FROM "contacts"[0m
  Rendered contacts/index.html.erb within layouts/application (1.0ms)
Completed 200 OK in 146ms (Views: 145.4ms | ActiveRecord: 0.0ms)


Started GET "/contacts/new" for ::1 at 2018-08-30 12:58:14 -0300
Processing by ContactsController#new as HTML
  Rendered contacts/_form.html.erb (3.0ms)
  Rendered contacts/new.html.erb within layouts/application (46.0ms)
Completed 200 OK in 188ms (Views: 183.3ms | ActiveRecord: 0.0ms)
  [1m[36mActiveRecord::SchemaMigration Load (0.0ms)[0m  [1mSELECT "schema_migrations".* FROM "schema_migrations"[0m
  [1m[35mActiveRecord::SchemaMigration Load (0.0ms)[0m  SELECT "schema_migrations".* FROM "schema_migrations"
  [1m[36m (0.0ms)[0m  [1m            SELECT sql
            FROM sqlite_master
            WHERE name='index_addresses_on_contact_id' AND type='index'
            UNION ALL
            SELECT sql
            FROM sqlite_temp_master
            WHERE name='index_addresses_on_contact_id' AND type='index'
[0m
  [1m[35m (0.0ms)[0m              SELECT sql
            FROM sqlite_master
            WHERE name='index_contacts_on_kind_id' AND type='index'
            UNION ALL
            SELECT sql
            FROM sqlite_temp_master
            WHERE name='index_contacts_on_kind_id' AND type='index'

  [1m[36m (0.0ms)[0m  [1m            SELECT sql
            FROM sqlite_master
            WHERE name='index_phones_on_contact_id' AND type='index'
            UNION ALL
            SELECT sql
            FROM sqlite_temp_master
            WHERE name='index_phones_on_contact_id' AND type='index'
[0m


Started GET "/contacts/new" for ::1 at 2018-08-30 12:59:20 -0300
Processing by ContactsController#new as HTML
  Rendered contacts/_form.html.erb (2.0ms)
  Rendered contacts/new.html.erb within layouts/application (31.0ms)
Completed 200 OK in 176ms (Views: 166.3ms | ActiveRecord: 2.0ms)


Started GET "/contacts/new" for ::1 at 2018-08-30 13:00:25 -0300
Processing by ContactsController#new as HTML
  Rendered contacts/_form.html.erb (2.0ms)
  Rendered contacts/new.html.erb within layouts/application (30.0ms)
Completed 200 OK in 159ms (Views: 158.4ms | ActiveRecord: 0.0ms)


Started GET "/contacts/new" for ::1 at 2018-08-30 13:00:58 -0300
Processing by ContactsController#new as HTML
  Rendered contacts/_form.html.erb (35.1ms)
  Rendered contacts/new.html.erb within layouts/application (62.1ms)
Completed 200 OK in 198ms (Views: 197.4ms | ActiveRecord: 0.0ms)


Started POST "/contacts" for ::1 at 2018-08-30 13:01:25 -0300
Processing by ContactsController#create as HTML
  Parameters: {"utf8"=>"✓", "authenticity_token"=>"IP9JjsY80px+q2Osr0c9nt9RSoDraaRM/pNvmGL1jqKzxWLWdnjeri6HDSt41zWjiRpkSx97pGo/lbvjIea9MQ==", "contact"=>{"name"=>"Maycon", "email"=>"maycon@email.com", "kind_id"=>"", "rmk"=>"Teste Teste Teste Teste Teste "}, "commit"=>"Create Contact"}
Unpermitted parameter: rmk
  [1m[35m (0.0ms)[0m  begin transaction
  [1m[36mSQL (3.0ms)[0m  [1mINSERT INTO "contacts" ("name", "email", "created_at", "updated_at") VALUES (?, ?, ?, ?)[0m  [["name", "Maycon"], ["email", "maycon@email.com"], ["created_at", "2018-08-30 16:01:25.908424"], ["updated_at", "2018-08-30 16:01:25.908424"]]
  [1m[35m (60.1ms)[0m  commit transaction
Redirected to http://localhost:3000/contacts/1
Completed 302 Found in 68ms (ActiveRecord: 63.1ms)


Started GET "/contacts/1" for ::1 at 2018-08-30 13:01:26 -0300
Processing by ContactsController#show as HTML
  Parameters: {"id"=>"1"}
  [1m[36mContact Load (1.0ms)[0m  [1mSELECT  "contacts".* FROM "contacts" WHERE "contacts"."id" = ? LIMIT 1[0m  [["id", 1]]
  Rendered contacts/show.html.erb within layouts/application (48.0ms)
Completed 200 OK in 181ms (Views: 178.9ms | ActiveRecord: 1.0ms)


Started GET "/contacts" for ::1 at 2018-08-30 13:01:27 -0300
Processing by ContactsController#index as HTML
  [1m[35mContact Load (0.0ms)[0m  SELECT "contacts".* FROM "contacts"
  Rendered contacts/index.html.erb within layouts/application (15.6ms)
Completed 200 OK in 140ms (Views: 139.7ms | ActiveRecord: 0.0ms)


Started GET "/phones" for ::1 at 2018-08-30 13:01:57 -0300
Processing by PhonesController#index as HTML
  [1m[36mPhone Load (0.0ms)[0m  [1mSELECT "phones".* FROM "phones"[0m
  Rendered phones/index.html.erb within layouts/application (2.0ms)
Completed 200 OK in 158ms (Views: 153.9ms | ActiveRecord: 0.0ms)


Started GET "/phones/new" for ::1 at 2018-08-30 13:01:59 -0300
Processing by PhonesController#new as HTML
  Rendered phones/_form.html.erb (2.0ms)
  Rendered phones/new.html.erb within layouts/application (45.0ms)
Completed 200 OK in 181ms (Views: 178.2ms | ActiveRecord: 1.0ms)


Started GET "/phones" for ::1 at 2018-08-30 13:02:01 -0300
Processing by PhonesController#index as HTML
  [1m[35mPhone Load (1.0ms)[0m  SELECT "phones".* FROM "phones"
  Rendered phones/index.html.erb within layouts/application (1.0ms)
Completed 200 OK in 134ms (Views: 132.5ms | ActiveRecord: 1.0ms)


Started GET "/addresses" for ::1 at 2018-08-30 13:02:05 -0300
Processing by AddressesController#index as HTML
  [1m[36mAddress Load (0.0ms)[0m  [1mSELECT "addresses".* FROM "addresses"[0m
  Rendered addresses/index.html.erb within layouts/application (2.0ms)
Completed 200 OK in 138ms (Views: 135.1ms | ActiveRecord: 0.0ms)


Started GET "/addresses/new" for ::1 at 2018-08-30 13:02:08 -0300
Processing by AddressesController#new as HTML
  Rendered addresses/_form.html.erb (3.0ms)
  Rendered addresses/new.html.erb within layouts/application (30.0ms)
Completed 200 OK in 165ms (Views: 160.6ms | ActiveRecord: 1.0ms)


Started GET "/" for ::1 at 2018-08-30 13:11:05 -0300
  [1m[36mActiveRecord::SchemaMigration Load (0.0ms)[0m  [1mSELECT "schema_migrations".* FROM "schema_migrations"[0m
Processing by Rails::WelcomeController#index as HTML
  Rendered C:/RailsInstaller/Ruby2.2.0/lib/ruby/gems/2.2.0/gems/railties-4.2.5/lib/rails/templates/rails/welcome/index.html.erb (6.0ms)
Completed 200 OK in 116ms (Views: 98.9ms | ActiveRecord: 0.0ms)


Started GET "/kinds" for ::1 at 2018-08-30 13:11:13 -0300
Processing by KindsController#index as HTML
  [1m[35mKind Load (1.0ms)[0m  SELECT "kinds".* FROM "kinds"
  Rendered kinds/index.html.erb within layouts/application (18.0ms)
Completed 200 OK in 20367ms (Views: 744.6ms | ActiveRecord: 3.0ms)


Started GET "/assets/addresses.self-e3b0c44298fc1c149afbf4c8996fb92427ae41e4649b934ca495991b7852b855.css?body=1" for ::1 at 2018-08-30 13:11:46 -0300


Started GET "/assets/contacts.self-e3b0c44298fc1c149afbf4c8996fb92427ae41e4649b934ca495991b7852b855.css?body=1" for ::1 at 2018-08-30 13:11:46 -0300


Started GET "/assets/kinds.self-e3b0c44298fc1c149afbf4c8996fb92427ae41e4649b934ca495991b7852b855.css?body=1" for ::1 at 2018-08-30 13:11:46 -0300


Started GET "/assets/phones.self-e3b0c44298fc1c149afbf4c8996fb92427ae41e4649b934ca495991b7852b855.css?body=1" for ::1 at 2018-08-30 13:11:46 -0300


Started GET "/assets/scaffolds.self-2dee32efb1bc44f914f9a01fa908cada6e74df578f41d73f4c2c22df651d81c9.css?body=1" for ::1 at 2018-08-30 13:11:46 -0300


Started GET "/assets/application.self-e80e8f2318043e8af94dddc2adad5a4f09739a8ebb323b3ab31cd71d45fd9113.css?body=1" for ::1 at 2018-08-30 13:11:46 -0300


Started GET "/assets/jquery.self-bd7ddd393353a8d2480a622e80342adf488fb6006d667e8b42e4c0073393abee.js?body=1" for ::1 at 2018-08-30 13:11:46 -0300


Started GET "/assets/jquery_ujs.self-784a997f6726036b1993eb2217c9cb558e1cbb801c6da88105588c56f13b466a.js?body=1" for ::1 at 2018-08-30 13:11:46 -0300


Started GET "/assets/turbolinks.self-569ee74eaa15c1e2019317ff770b8769b1ec033a0f572a485f64c82ddc8f989e.js?body=1" for ::1 at 2018-08-30 13:11:46 -0300


Started GET "/assets/addresses.self-877aef30ae1b040ab8a3aba4e3e309a11d7f2612f44dde450b5c157aa5f95c05.js?body=1" for ::1 at 2018-08-30 13:11:46 -0300


Started GET "/assets/contacts.self-877aef30ae1b040ab8a3aba4e3e309a11d7f2612f44dde450b5c157aa5f95c05.js?body=1" for ::1 at 2018-08-30 13:11:46 -0300


Started GET "/assets/kinds.self-877aef30ae1b040ab8a3aba4e3e309a11d7f2612f44dde450b5c157aa5f95c05.js?body=1" for ::1 at 2018-08-30 13:11:46 -0300


Started GET "/assets/phones.self-877aef30ae1b040ab8a3aba4e3e309a11d7f2612f44dde450b5c157aa5f95c05.js?body=1" for ::1 at 2018-08-30 13:11:46 -0300


Started GET "/assets/application.self-3b8dabdc891efe46b9a144b400ad69e37d7e5876bdc39dee783419a69d7ca819.js?body=1" for ::1 at 2018-08-30 13:11:46 -0300


Started GET "/kinds/1" for ::1 at 2018-08-30 13:11:59 -0300
Processing by KindsController#show as HTML
  Parameters: {"id"=>"1"}
  [1m[36mKind Load (1.0ms)[0m  [1mSELECT  "kinds".* FROM "kinds" WHERE "kinds"."id" = ? LIMIT 1[0m  [["id", 1]]
  Rendered kinds/show.html.erb within layouts/application (2.0ms)
Completed 200 OK in 262ms (Views: 239.2ms | ActiveRecord: 1.0ms)


Started GET "/kinds" for ::1 at 2018-08-30 13:12:12 -0300
Processing by KindsController#index as HTML
  [1m[35mKind Load (1.0ms)[0m  SELECT "kinds".* FROM "kinds"
  Rendered kinds/index.html.erb within layouts/application (6.0ms)
Completed 200 OK in 136011ms (Views: 243.2ms | ActiveRecord: 1.0ms)


Started GET "/kinds" for ::1 at 2018-08-30 13:14:28 -0300
Processing by KindsController#index as HTML
  [1m[36mKind Load (0.0ms)[0m  [1mSELECT "kinds".* FROM "kinds"[0m
  Rendered kinds/index.html.erb within layouts/application (2.0ms)
Completed 200 OK in 2371ms (Views: 149.3ms | ActiveRecord: 0.0ms)


Started GET "/" for ::1 at 2018-08-30 13:17:51 -0300
  [1m[36mActiveRecord::SchemaMigration Load (0.0ms)[0m  [1mSELECT "schema_migrations".* FROM "schema_migrations"[0m
Processing by Rails::WelcomeController#index as HTML
  Rendered C:/RailsInstaller/Ruby2.2.0/lib/ruby/gems/2.2.0/gems/railties-4.2.5/lib/rails/templates/rails/welcome/index.html.erb (4.0ms)
Completed 200 OK in 80ms (Views: 64.5ms | ActiveRecord: 0.0ms)


Started GET "/" for ::1 at 2018-08-30 13:19:27 -0300
  [1m[36mActiveRecord::SchemaMigration Load (0.0ms)[0m  [1mSELECT "schema_migrations".* FROM "schema_migrations"[0m
Processing by Rails::WelcomeController#index as HTML
  Rendered C:/RailsInstaller/Ruby2.2.0/lib/ruby/gems/2.2.0/gems/railties-4.2.5/lib/rails/templates/rails/welcome/index.html.erb (4.0ms)
Completed 200 OK in 78ms (Views: 62.1ms | ActiveRecord: 0.0ms)


Started GET "/kinds" for ::1 at 2018-08-30 13:19:39 -0300
Processing by KindsController#index as HTML
  [1m[35mKind Load (1.0ms)[0m  SELECT "kinds".* FROM "kinds"
  Rendered kinds/index.html.erb within layouts/application (6.0ms)
Completed 200 OK in 397ms (Views: 391.8ms | ActiveRecord: 2.0ms)


Started GET "/kinds" for ::1 at 2018-08-30 13:20:15 -0300
Processing by KindsController#index as HTML
  [1m[36mKind Load (0.0ms)[0m  [1mSELECT "kinds".* FROM "kinds"[0m
  Rendered kinds/index.html.erb within layouts/application (2.0ms)
Completed 200 OK in 130ms (Views: 129.1ms | ActiveRecord: 0.0ms)


Started GET "/kinds" for ::1 at 2018-08-30 13:25:36 -0300
Processing by KindsController#index as HTML
  [1m[35mKind Load (0.0ms)[0m  SELECT "kinds".* FROM "kinds"
  Rendered kinds/index.html.erb within layouts/application (2.0ms)
Completed 200 OK in 150ms (Views: 149.0ms | ActiveRecord: 0.0ms)


Started GET "/kinds" for ::1 at 2018-08-30 13:25:37 -0300
Processing by KindsController#index as HTML
  [1m[36mKind Load (1.0ms)[0m  [1mSELECT "kinds".* FROM "kinds"[0m
  Rendered kinds/index.html.erb within layouts/application (2.0ms)
Completed 200 OK in 168ms (Views: 166.9ms | ActiveRecord: 1.0ms)


Started GET "/kinds" for ::1 at 2018-08-30 13:26:16 -0300
Processing by KindsController#index as HTML
  [1m[35mKind Load (1.0ms)[0m  SELECT "kinds".* FROM "kinds"
  Rendered kinds/index.html.erb within layouts/application (6.0ms)
Completed 200 OK in 188ms (Views: 182.8ms | ActiveRecord: 1.0ms)


Started GET "/home/index" for ::1 at 2018-08-30 13:36:55 -0300
Processing by HomeController#index as HTML
  Rendered home/index.html.erb within layouts/application (0.0ms)
Completed 200 OK in 499ms (Views: 498.6ms | ActiveRecord: 0.0ms)


Started GET "/assets/home.self-877aef30ae1b040ab8a3aba4e3e309a11d7f2612f44dde450b5c157aa5f95c05.js?body=1" for ::1 at 2018-08-30 13:36:55 -0300


Started GET "/assets/home.self-e3b0c44298fc1c149afbf4c8996fb92427ae41e4649b934ca495991b7852b855.css?body=1" for ::1 at 2018-08-30 13:36:55 -0300


Started GET "/home/index" for ::1 at 2018-08-30 13:40:05 -0300
Processing by HomeController#index as HTML
  Rendered home/index.html.erb within layouts/application (0.0ms)
Completed 200 OK in 164ms (Views: 163.8ms | ActiveRecord: 0.0ms)


Started GET "/home/index" for ::1 at 2018-08-30 13:40:05 -0300
Processing by HomeController#index as HTML
  Rendered home/index.html.erb within layouts/application (0.0ms)
Completed 200 OK in 148ms (Views: 147.9ms | ActiveRecord: 0.0ms)


Started GET "/" for ::1 at 2018-08-30 13:44:56 -0300
  [1m[36mActiveRecord::SchemaMigration Load (0.0ms)[0m  [1mSELECT "schema_migrations".* FROM "schema_migrations"[0m
Processing by Rails::WelcomeController#index as HTML
  Rendered C:/RailsInstaller/Ruby2.2.0/lib/ruby/gems/2.2.0/gems/railties-4.2.5/lib/rails/templates/rails/welcome/index.html.erb (18.0ms)
Completed 200 OK in 244ms (Views: 201.9ms | ActiveRecord: 0.0ms)


Started GET "/home/index" for ::1 at 2018-08-30 13:45:22 -0300
Processing by HomeController#index as HTML
  Rendered home/index.html.erb within layouts/application (0.0ms)
Completed 200 OK in 650ms (Views: 649.5ms | ActiveRecord: 0.0ms)


Started GET "/home/index" for ::1 at 2018-08-30 13:47:24 -0300
Processing by HomeController#index as HTML
  Rendered home/index.html.erb within layouts/application (1.0ms)
Completed 200 OK in 195ms (Views: 193.7ms | ActiveRecord: 0.0ms)


Started GET "/kinds" for ::1 at 2018-08-30 13:47:28 -0300
Processing by KindsController#index as HTML
  [1m[35mKind Load (0.0ms)[0m  SELECT "kinds".* FROM "kinds"
  Rendered kinds/index.html.erb within layouts/application (6.0ms)
Completed 200 OK in 151ms (Views: 147.5ms | ActiveRecord: 0.0ms)


Started GET "/" for ::1 at 2018-08-30 13:49:20 -0300
Processing by HomeController#index as HTML
  Rendered home/index.html.erb within layouts/application (1.0ms)
Completed 200 OK in 143ms (Views: 142.8ms | ActiveRecord: 0.0ms)


Started GET "/" for ::1 at 2018-08-30 13:57:37 -0300
Processing by HomeController#index as HTML
  Rendered home/index.html.erb within layouts/application (0.0ms)
Completed 200 OK in 202ms (Views: 200.8ms | ActiveRecord: 0.0ms)


Started GET "/kinds" for ::1 at 2018-08-30 13:57:43 -0300
Processing by KindsController#index as HTML
  [1m[36mKind Load (0.0ms)[0m  [1mSELECT "kinds".* FROM "kinds"[0m
  Rendered kinds/index.html.erb within layouts/application (6.0ms)
Completed 200 OK in 158ms (Views: 154.4ms | ActiveRecord: 1.0ms)


Started GET "/kinds" for ::1 at 2018-08-30 14:06:32 -0300
Processing by KindsController#index as HTML
  [1m[35mKind Load (1.0ms)[0m  SELECT "kinds".* FROM "kinds"
  Rendered kinds/index.html.erb within layouts/application (2.0ms)
Completed 200 OK in 151ms (Views: 149.2ms | ActiveRecord: 1.0ms)


Started GET "/kinds" for ::1 at 2018-08-30 14:06:33 -0300
Processing by KindsController#index as HTML
  [1m[36mKind Load (0.0ms)[0m  [1mSELECT "kinds".* FROM "kinds"[0m
  Rendered kinds/index.html.erb within layouts/application (1.0ms)
Completed 200 OK in 150ms (Views: 149.3ms | ActiveRecord: 0.0ms)


Started GET "/" for ::1 at 2018-08-30 14:06:39 -0300
Processing by HomeController#index as HTML
  Rendered home/index.html.erb within layouts/application (1.0ms)
Completed 200 OK in 151ms (Views: 151.1ms | ActiveRecord: 0.0ms)


Started GET "/kinds" for ::1 at 2018-08-30 14:06:41 -0300
Processing by KindsController#index as HTML
  [1m[35mKind Load (0.0ms)[0m  SELECT "kinds".* FROM "kinds"
  Rendered kinds/index.html.erb within layouts/application (2.0ms)
Completed 200 OK in 160ms (Views: 159.7ms | ActiveRecord: 0.0ms)


Started GET "/rails/info/routes" for ::1 at 2018-08-30 14:08:37 -0300
Processing by Rails::InfoController#routes as HTML
  Rendered C:/RailsInstaller/Ruby2.2.0/lib/ruby/gems/2.2.0/gems/actionpack-4.2.5/lib/action_dispatch/middleware/templates/routes/_route.html.erb (2.0ms)
  Rendered C:/RailsInstaller/Ruby2.2.0/lib/ruby/gems/2.2.0/gems/actionpack-4.2.5/lib/action_dispatch/middleware/templates/routes/_table.html.erb (58.9ms)
  Rendered C:/RailsInstaller/Ruby2.2.0/lib/ruby/gems/2.2.0/gems/railties-4.2.5/lib/rails/templates/rails/info/routes.html.erb within layouts/application (192.9ms)
Completed 200 OK in 378ms (Views: 376.8ms | ActiveRecord: 0.0ms)


Started GET "/rails/info/routes" for ::1 at 2018-08-30 14:10:36 -0300
Processing by Rails::InfoController#routes as HTML
  Rendered C:/RailsInstaller/Ruby2.2.0/lib/ruby/gems/2.2.0/gems/actionpack-4.2.5/lib/action_dispatch/middleware/templates/routes/_route.html.erb (1.0ms)
  Rendered C:/RailsInstaller/Ruby2.2.0/lib/ruby/gems/2.2.0/gems/actionpack-4.2.5/lib/action_dispatch/middleware/templates/routes/_table.html.erb (0.0ms)
  Rendered C:/RailsInstaller/Ruby2.2.0/lib/ruby/gems/2.2.0/gems/railties-4.2.5/lib/rails/templates/rails/info/routes.html.erb within layouts/application (95.9ms)
Completed 200 OK in 275ms (Views: 273.3ms | ActiveRecord: 0.0ms)


Started GET "/rails/info/routes" for ::1 at 2018-08-30 14:10:49 -0300
Processing by Rails::InfoController#routes as HTML
  Rendered C:/RailsInstaller/Ruby2.2.0/lib/ruby/gems/2.2.0/gems/actionpack-4.2.5/lib/action_dispatch/middleware/templates/routes/_route.html.erb (1.0ms)
  Rendered C:/RailsInstaller/Ruby2.2.0/lib/ruby/gems/2.2.0/gems/actionpack-4.2.5/lib/action_dispatch/middleware/templates/routes/_table.html.erb (0.0ms)
  Rendered C:/RailsInstaller/Ruby2.2.0/lib/ruby/gems/2.2.0/gems/railties-4.2.5/lib/rails/templates/rails/info/routes.html.erb within layouts/application (93.9ms)
Completed 200 OK in 263ms (Views: 262.9ms | ActiveRecord: 0.0ms)


Started GET "/rails/info/routes" for ::1 at 2018-08-30 14:10:49 -0300
Processing by Rails::InfoController#routes as HTML
  Rendered C:/RailsInstaller/Ruby2.2.0/lib/ruby/gems/2.2.0/gems/actionpack-4.2.5/lib/action_dispatch/middleware/templates/routes/_route.html.erb (1.0ms)
  Rendered C:/RailsInstaller/Ruby2.2.0/lib/ruby/gems/2.2.0/gems/actionpack-4.2.5/lib/action_dispatch/middleware/templates/routes/_table.html.erb (0.0ms)
  Rendered C:/RailsInstaller/Ruby2.2.0/lib/ruby/gems/2.2.0/gems/railties-4.2.5/lib/rails/templates/rails/info/routes.html.erb within layouts/application (101.9ms)
Completed 200 OK in 274ms (Views: 273.6ms | ActiveRecord: 0.0ms)


Started GET "/" for ::1 at 2018-08-30 14:10:54 -0300
Processing by HomeController#index as HTML
  Rendered home/index.html.erb within layouts/application (1.0ms)
Completed 200 OK in 155ms (Views: 154.3ms | ActiveRecord: 0.0ms)


Started GET "/kinds" for ::1 at 2018-08-30 14:10:55 -0300
Processing by KindsController#index as HTML
  [1m[36mKind Load (1.0ms)[0m  [1mSELECT "kinds".* FROM "kinds"[0m
  Rendered kinds/index.html.erb within layouts/application (2.0ms)
Completed 200 OK in 216ms (Views: 215.1ms | ActiveRecord: 1.0ms)


Started GET "/kinds" for ::1 at 2018-08-30 14:11:42 -0300
Processing by KindsController#index as HTML
  [1m[35mKind Load (0.0ms)[0m  SELECT "kinds".* FROM "kinds"
  Rendered kinds/index.html.erb within layouts/application (2.0ms)
Completed 200 OK in 147ms (Views: 147.0ms | ActiveRecord: 0.0ms)


Started GET "/kinds" for ::1 at 2018-08-30 14:11:42 -0300
Processing by KindsController#index as HTML
  [1m[36mKind Load (0.0ms)[0m  [1mSELECT "kinds".* FROM "kinds"[0m
  Rendered kinds/index.html.erb within layouts/application (2.0ms)
Completed 200 OK in 162ms (Views: 161.4ms | ActiveRecord: 0.0ms)


Started GET "/" for ::1 at 2018-08-30 14:11:48 -0300
Processing by HomeController#index as HTML
  Rendered home/index.html.erb within layouts/application (1.0ms)
Completed 200 OK in 147ms (Views: 146.4ms | ActiveRecord: 0.0ms)


Started GET "/contacts" for ::1 at 2018-08-30 14:11:49 -0300
Processing by ContactsController#index as HTML
  [1m[35mContact Load (0.0ms)[0m  SELECT "contacts".* FROM "contacts"
  Rendered contacts/index.html.erb within layouts/application (37.0ms)
Completed 200 OK in 256ms (Views: 217.3ms | ActiveRecord: 0.0ms)


Started GET "/rails/info/routes" for ::1 at 2018-08-30 14:12:03 -0300
Processing by Rails::InfoController#routes as HTML
  Rendered C:/RailsInstaller/Ruby2.2.0/lib/ruby/gems/2.2.0/gems/actionpack-4.2.5/lib/action_dispatch/middleware/templates/routes/_route.html.erb (1.0ms)
  Rendered C:/RailsInstaller/Ruby2.2.0/lib/ruby/gems/2.2.0/gems/actionpack-4.2.5/lib/action_dispatch/middleware/templates/routes/_table.html.erb (1.0ms)
  Rendered C:/RailsInstaller/Ruby2.2.0/lib/ruby/gems/2.2.0/gems/railties-4.2.5/lib/rails/templates/rails/info/routes.html.erb within layouts/application (92.9ms)
Completed 200 OK in 266ms (Views: 265.8ms | ActiveRecord: 0.0ms)


Started GET "/contacts" for ::1 at 2018-08-30 14:13:16 -0300
Processing by ContactsController#index as HTML
  [1m[36mContact Load (1.0ms)[0m  [1mSELECT "contacts".* FROM "contacts"[0m
  Rendered contacts/index.html.erb within layouts/application (3.0ms)
Completed 200 OK in 173ms (Views: 168.8ms | ActiveRecord: 1.0ms)


Started GET "/gpweb/logins/index" for ::1 at 2018-08-30 14:27:36 -0300

ActionController::RoutingError (No route matches [GET] "/gpweb/logins/index"):
  actionpack (4.2.5) lib/action_dispatch/middleware/debug_exceptions.rb:21:in `call'
  web-console (2.3.0) lib/web_console/middleware.rb:28:in `block in call'
  web-console (2.3.0) lib/web_console/middleware.rb:18:in `catch'
  web-console (2.3.0) lib/web_console/middleware.rb:18:in `call'
  actionpack (4.2.5) lib/action_dispatch/middleware/show_exceptions.rb:30:in `call'
  railties (4.2.5) lib/rails/rack/logger.rb:38:in `call_app'
  railties (4.2.5) lib/rails/rack/logger.rb:20:in `block in call'
  activesupport (4.2.5) lib/active_support/tagged_logging.rb:68:in `block in tagged'
  activesupport (4.2.5) lib/active_support/tagged_logging.rb:26:in `tagged'
  activesupport (4.2.5) lib/active_support/tagged_logging.rb:68:in `tagged'
  railties (4.2.5) lib/rails/rack/logger.rb:20:in `call'
  actionpack (4.2.5) lib/action_dispatch/middleware/request_id.rb:21:in `call'
  rack (1.6.10) lib/rack/methodoverride.rb:22:in `call'
  rack (1.6.10) lib/rack/runtime.rb:18:in `call'
  activesupport (4.2.5) lib/active_support/cache/strategy/local_cache_middleware.rb:28:in `call'
  rack (1.6.10) lib/rack/lock.rb:17:in `call'
  actionpack (4.2.5) lib/action_dispatch/middleware/static.rb:116:in `call'
  rack (1.6.10) lib/rack/sendfile.rb:113:in `call'
  railties (4.2.5) lib/rails/engine.rb:518:in `call'
  railties (4.2.5) lib/rails/application.rb:165:in `call'
  rack (1.6.10) lib/rack/lock.rb:17:in `call'
  rack (1.6.10) lib/rack/content_length.rb:15:in `call'
  rack (1.6.10) lib/rack/handler/webrick.rb:88:in `service'
  C:/RailsInstaller/Ruby2.2.0/lib/ruby/2.2.0/webrick/httpserver.rb:138:in `service'
  C:/RailsInstaller/Ruby2.2.0/lib/ruby/2.2.0/webrick/httpserver.rb:94:in `run'
  C:/RailsInstaller/Ruby2.2.0/lib/ruby/2.2.0/webrick/server.rb:294:in `block in start_thread'


  Rendered C:/RailsInstaller/Ruby2.2.0/lib/ruby/gems/2.2.0/gems/actionpack-4.2.5/lib/action_dispatch/middleware/templates/rescues/_trace.html.erb (2.0ms)
  Rendered C:/RailsInstaller/Ruby2.2.0/lib/ruby/gems/2.2.0/gems/actionpack-4.2.5/lib/action_dispatch/middleware/templates/routes/_route.html.erb (2.0ms)
  Rendered C:/RailsInstaller/Ruby2.2.0/lib/ruby/gems/2.2.0/gems/actionpack-4.2.5/lib/action_dispatch/middleware/templates/routes/_table.html.erb (1.0ms)
  Rendered C:/RailsInstaller/Ruby2.2.0/lib/ruby/gems/2.2.0/gems/actionpack-4.2.5/lib/action_dispatch/middleware/templates/rescues/_request_and_response.html.erb (1.0ms)
  Rendered C:/RailsInstaller/Ruby2.2.0/lib/ruby/gems/2.2.0/gems/actionpack-4.2.5/lib/action_dispatch/middleware/templates/rescues/routing_error.html.erb within rescues/layout (2387.0ms)
  Rendered C:/RailsInstaller/Ruby2.2.0/lib/ruby/gems/2.2.0/gems/web-console-2.3.0/lib/web_console/templates/_markup.html.erb (0.0ms)
  Rendered C:/RailsInstaller/Ruby2.2.0/lib/ruby/gems/2.2.0/gems/web-console-2.3.0/lib/web_console/templates/_inner_console_markup.html.erb within layouts/inlined_string (1.0ms)
  Rendered C:/RailsInstaller/Ruby2.2.0/lib/ruby/gems/2.2.0/gems/web-console-2.3.0/lib/web_console/templates/_prompt_box_markup.html.erb within layouts/inlined_string (0.0ms)
  Rendered C:/RailsInstaller/Ruby2.2.0/lib/ruby/gems/2.2.0/gems/web-console-2.3.0/lib/web_console/templates/style.css.erb within layouts/inlined_string (0.0ms)
  Rendered C:/RailsInstaller/Ruby2.2.0/lib/ruby/gems/2.2.0/gems/web-console-2.3.0/lib/web_console/templates/console.js.erb within layouts/javascript (1595.0ms)
  Rendered C:/RailsInstaller/Ruby2.2.0/lib/ruby/gems/2.2.0/gems/web-console-2.3.0/lib/web_console/templates/main.js.erb within layouts/javascript (0.0ms)
  Rendered C:/RailsInstaller/Ruby2.2.0/lib/ruby/gems/2.2.0/gems/web-console-2.3.0/lib/web_console/templates/error_page.js.erb within layouts/javascript (0.0ms)
  Rendered C:/RailsInstaller/Ruby2.2.0/lib/ruby/gems/2.2.0/gems/web-console-2.3.0/lib/web_console/templates/index.html.erb (3570.8ms)


Started GET "/contacts" for ::1 at 2018-08-30 14:28:06 -0300
Processing by ContactsController#index as HTML
  [1m[35mContact Load (1.0ms)[0m  SELECT "contacts".* FROM "contacts"
  Rendered contacts/index.html.erb within layouts/application (1.0ms)
Completed 200 OK in 169ms (Views: 167.4ms | ActiveRecord: 1.0ms)


Started GET "/contacts" for ::1 at 2018-08-30 14:29:25 -0300
Processing by ContactsController#index as HTML
  [1m[36mContact Load (1.0ms)[0m  [1mSELECT "contacts".* FROM "contacts"[0m
  Rendered contacts/index.html.erb within layouts/application (12.0ms)
Completed 200 OK in 179ms (Views: 174.3ms | ActiveRecord: 1.0ms)


Started GET "/contacts" for ::1 at 2018-08-30 14:29:30 -0300
Processing by ContactsController#index as HTML
  [1m[35mContact Load (1.0ms)[0m  SELECT "contacts".* FROM "contacts"
  Rendered contacts/index.html.erb within layouts/application (17.0ms)
Completed 200 OK in 207ms (Views: 201.2ms | ActiveRecord: 2.0ms)


Started GET "/contacts" for ::1 at 2018-08-30 14:29:44 -0300
Processing by ContactsController#index as HTML
  [1m[36mContact Load (1.0ms)[0m  [1mSELECT "contacts".* FROM "contacts"[0m
  Rendered contacts/index.html.erb within layouts/application (10.0ms)
Completed 200 OK in 163ms (Views: 158.4ms | ActiveRecord: 1.0ms)


Started GET "/" for ::1 at 2018-08-30 14:29:55 -0300
Processing by HomeController#index as HTML
  Rendered home/index.html.erb within layouts/application (1.0ms)
Completed 200 OK in 155ms (Views: 154.2ms | ActiveRecord: 0.0ms)


Started GET "/" for ::1 at 2018-08-30 14:30:40 -0300
Processing by HomeController#index as HTML
  Rendered home/index.html.erb within layouts/application (0.0ms)
Completed 200 OK in 165ms (Views: 164.5ms | ActiveRecord: 0.0ms)


Started GET "/" for ::1 at 2018-08-30 14:30:55 -0300
Processing by HomeController#index as HTML
  Rendered home/index.html.erb within layouts/application (1.0ms)
Completed 200 OK in 168ms (Views: 166.7ms | ActiveRecord: 0.0ms)


Started GET "/" for ::1 at 2018-08-30 14:30:55 -0300
Processing by HomeController#index as HTML
  Rendered home/index.html.erb within layouts/application (1.0ms)
Completed 200 OK in 193ms (Views: 191.8ms | ActiveRecord: 0.0ms)


Started GET "/gpweb/logins/index" for ::1 at 2018-08-30 14:31:49 -0300

ActionController::RoutingError (No route matches [GET] "/gpweb/logins/index"):
  actionpack (4.2.5) lib/action_dispatch/middleware/debug_exceptions.rb:21:in `call'
  web-console (2.3.0) lib/web_console/middleware.rb:28:in `block in call'
  web-console (2.3.0) lib/web_console/middleware.rb:18:in `catch'
  web-console (2.3.0) lib/web_console/middleware.rb:18:in `call'
  actionpack (4.2.5) lib/action_dispatch/middleware/show_exceptions.rb:30:in `call'
  railties (4.2.5) lib/rails/rack/logger.rb:38:in `call_app'
  railties (4.2.5) lib/rails/rack/logger.rb:20:in `block in call'
  activesupport (4.2.5) lib/active_support/tagged_logging.rb:68:in `block in tagged'
  activesupport (4.2.5) lib/active_support/tagged_logging.rb:26:in `tagged'
  activesupport (4.2.5) lib/active_support/tagged_logging.rb:68:in `tagged'
  railties (4.2.5) lib/rails/rack/logger.rb:20:in `call'
  actionpack (4.2.5) lib/action_dispatch/middleware/request_id.rb:21:in `call'
  rack (1.6.10) lib/rack/methodoverride.rb:22:in `call'
  rack (1.6.10) lib/rack/runtime.rb:18:in `call'
  activesupport (4.2.5) lib/active_support/cache/strategy/local_cache_middleware.rb:28:in `call'
  rack (1.6.10) lib/rack/lock.rb:17:in `call'
  actionpack (4.2.5) lib/action_dispatch/middleware/static.rb:116:in `call'
  rack (1.6.10) lib/rack/sendfile.rb:113:in `call'
  railties (4.2.5) lib/rails/engine.rb:518:in `call'
  railties (4.2.5) lib/rails/application.rb:165:in `call'
  rack (1.6.10) lib/rack/lock.rb:17:in `call'
  rack (1.6.10) lib/rack/content_length.rb:15:in `call'
  rack (1.6.10) lib/rack/handler/webrick.rb:88:in `service'
  C:/RailsInstaller/Ruby2.2.0/lib/ruby/2.2.0/webrick/httpserver.rb:138:in `service'
  C:/RailsInstaller/Ruby2.2.0/lib/ruby/2.2.0/webrick/httpserver.rb:94:in `run'
  C:/RailsInstaller/Ruby2.2.0/lib/ruby/2.2.0/webrick/server.rb:294:in `block in start_thread'


  Rendered C:/RailsInstaller/Ruby2.2.0/lib/ruby/gems/2.2.0/gems/actionpack-4.2.5/lib/action_dispatch/middleware/templates/rescues/_trace.html.erb (1.0ms)
  Rendered C:/RailsInstaller/Ruby2.2.0/lib/ruby/gems/2.2.0/gems/actionpack-4.2.5/lib/action_dispatch/middleware/templates/routes/_route.html.erb (2.0ms)
  Rendered C:/RailsInstaller/Ruby2.2.0/lib/ruby/gems/2.2.0/gems/actionpack-4.2.5/lib/action_dispatch/middleware/templates/routes/_table.html.erb (2.0ms)
  Rendered C:/RailsInstaller/Ruby2.2.0/lib/ruby/gems/2.2.0/gems/actionpack-4.2.5/lib/action_dispatch/middleware/templates/rescues/_request_and_response.html.erb (1.0ms)
  Rendered C:/RailsInstaller/Ruby2.2.0/lib/ruby/gems/2.2.0/gems/actionpack-4.2.5/lib/action_dispatch/middleware/templates/rescues/routing_error.html.erb within rescues/layout (2025.7ms)
  Rendered C:/RailsInstaller/Ruby2.2.0/lib/ruby/gems/2.2.0/gems/web-console-2.3.0/lib/web_console/templates/_markup.html.erb (1.0ms)
  Rendered C:/RailsInstaller/Ruby2.2.0/lib/ruby/gems/2.2.0/gems/web-console-2.3.0/lib/web_console/templates/_inner_console_markup.html.erb within layouts/inlined_string (0.0ms)
  Rendered C:/RailsInstaller/Ruby2.2.0/lib/ruby/gems/2.2.0/gems/web-console-2.3.0/lib/web_console/templates/_prompt_box_markup.html.erb within layouts/inlined_string (0.0ms)
  Rendered C:/RailsInstaller/Ruby2.2.0/lib/ruby/gems/2.2.0/gems/web-console-2.3.0/lib/web_console/templates/style.css.erb within layouts/inlined_string (0.0ms)
  Rendered C:/RailsInstaller/Ruby2.2.0/lib/ruby/gems/2.2.0/gems/web-console-2.3.0/lib/web_console/templates/console.js.erb within layouts/javascript (1419.1ms)
  Rendered C:/RailsInstaller/Ruby2.2.0/lib/ruby/gems/2.2.0/gems/web-console-2.3.0/lib/web_console/templates/main.js.erb within layouts/javascript (0.0ms)
  Rendered C:/RailsInstaller/Ruby2.2.0/lib/ruby/gems/2.2.0/gems/web-console-2.3.0/lib/web_console/templates/error_page.js.erb within layouts/javascript (0.0ms)
  Rendered C:/RailsInstaller/Ruby2.2.0/lib/ruby/gems/2.2.0/gems/web-console-2.3.0/lib/web_console/templates/index.html.erb (3277.0ms)


Started GET "/gpweb/logins/index" for ::1 at 2018-08-30 14:43:24 -0300

ActionController::RoutingError (No route matches [GET] "/gpweb/logins/index"):
  actionpack (4.2.5) lib/action_dispatch/middleware/debug_exceptions.rb:21:in `call'
  web-console (2.3.0) lib/web_console/middleware.rb:28:in `block in call'
  web-console (2.3.0) lib/web_console/middleware.rb:18:in `catch'
  web-console (2.3.0) lib/web_console/middleware.rb:18:in `call'
  actionpack (4.2.5) lib/action_dispatch/middleware/show_exceptions.rb:30:in `call'
  railties (4.2.5) lib/rails/rack/logger.rb:38:in `call_app'
  railties (4.2.5) lib/rails/rack/logger.rb:20:in `block in call'
  activesupport (4.2.5) lib/active_support/tagged_logging.rb:68:in `block in tagged'
  activesupport (4.2.5) lib/active_support/tagged_logging.rb:26:in `tagged'
  activesupport (4.2.5) lib/active_support/tagged_logging.rb:68:in `tagged'
  railties (4.2.5) lib/rails/rack/logger.rb:20:in `call'
  actionpack (4.2.5) lib/action_dispatch/middleware/request_id.rb:21:in `call'
  rack (1.6.10) lib/rack/methodoverride.rb:22:in `call'
  rack (1.6.10) lib/rack/runtime.rb:18:in `call'
  activesupport (4.2.5) lib/active_support/cache/strategy/local_cache_middleware.rb:28:in `call'
  rack (1.6.10) lib/rack/lock.rb:17:in `call'
  actionpack (4.2.5) lib/action_dispatch/middleware/static.rb:116:in `call'
  rack (1.6.10) lib/rack/sendfile.rb:113:in `call'
  railties (4.2.5) lib/rails/engine.rb:518:in `call'
  railties (4.2.5) lib/rails/application.rb:165:in `call'
  rack (1.6.10) lib/rack/lock.rb:17:in `call'
  rack (1.6.10) lib/rack/content_length.rb:15:in `call'
  rack (1.6.10) lib/rack/handler/webrick.rb:88:in `service'
  C:/RailsInstaller/Ruby2.2.0/lib/ruby/2.2.0/webrick/httpserver.rb:138:in `service'
  C:/RailsInstaller/Ruby2.2.0/lib/ruby/2.2.0/webrick/httpserver.rb:94:in `run'
  C:/RailsInstaller/Ruby2.2.0/lib/ruby/2.2.0/webrick/server.rb:294:in `block in start_thread'


  Rendered C:/RailsInstaller/Ruby2.2.0/lib/ruby/gems/2.2.0/gems/actionpack-4.2.5/lib/action_dispatch/middleware/templates/rescues/_trace.html.erb (2.0ms)
  Rendered C:/RailsInstaller/Ruby2.2.0/lib/ruby/gems/2.2.0/gems/actionpack-4.2.5/lib/action_dispatch/middleware/templates/routes/_route.html.erb (3.0ms)
  Rendered C:/RailsInstaller/Ruby2.2.0/lib/ruby/gems/2.2.0/gems/actionpack-4.2.5/lib/action_dispatch/middleware/templates/routes/_table.html.erb (2.0ms)
  Rendered C:/RailsInstaller/Ruby2.2.0/lib/ruby/gems/2.2.0/gems/actionpack-4.2.5/lib/action_dispatch/middleware/templates/rescues/_request_and_response.html.erb (1.0ms)
  Rendered C:/RailsInstaller/Ruby2.2.0/lib/ruby/gems/2.2.0/gems/actionpack-4.2.5/lib/action_dispatch/middleware/templates/rescues/routing_error.html.erb within rescues/layout (2037.7ms)
  Rendered C:/RailsInstaller/Ruby2.2.0/lib/ruby/gems/2.2.0/gems/web-console-2.3.0/lib/web_console/templates/_markup.html.erb (1.0ms)
  Rendered C:/RailsInstaller/Ruby2.2.0/lib/ruby/gems/2.2.0/gems/web-console-2.3.0/lib/web_console/templates/_inner_console_markup.html.erb within layouts/inlined_string (1.0ms)
  Rendered C:/RailsInstaller/Ruby2.2.0/lib/ruby/gems/2.2.0/gems/web-console-2.3.0/lib/web_console/templates/_prompt_box_markup.html.erb within layouts/inlined_string (0.0ms)
  Rendered C:/RailsInstaller/Ruby2.2.0/lib/ruby/gems/2.2.0/gems/web-console-2.3.0/lib/web_console/templates/style.css.erb within layouts/inlined_string (0.0ms)
  Rendered C:/RailsInstaller/Ruby2.2.0/lib/ruby/gems/2.2.0/gems/web-console-2.3.0/lib/web_console/templates/console.js.erb within layouts/javascript (1411.1ms)
  Rendered C:/RailsInstaller/Ruby2.2.0/lib/ruby/gems/2.2.0/gems/web-console-2.3.0/lib/web_console/templates/main.js.erb within layouts/javascript (1.0ms)
  Rendered C:/RailsInstaller/Ruby2.2.0/lib/ruby/gems/2.2.0/gems/web-console-2.3.0/lib/web_console/templates/error_page.js.erb within layouts/javascript (1.0ms)
  Rendered C:/RailsInstaller/Ruby2.2.0/lib/ruby/gems/2.2.0/gems/web-console-2.3.0/lib/web_console/templates/index.html.erb (3249.0ms)
